===== Class Alguns_Erros Symbol Table =====
main1	()	int
main2	()	double
main3	()	int
cenas	(String[])	int
main	(String[])	void
ola	(String[])	void

===== Method main1() Symbol Table =====
return		int

===== Method main2() Symbol Table =====
return		double
a		int

===== Method main3() Symbol Table =====
return		int
a		double

===== Method cenas(String[]) Symbol Table =====
return		int
args		String[]	param
x		int
a		int
xd		double

===== Method main(String[]) Symbol Table =====
return		void
args		String[]	param
i		int
i2		int
d		double
b		boolean
x		int

===== Method ola(String[]) Symbol Table =====
return		void
args		String[]	param
a		int
b		boolean
c		double

Program
..Id(Alguns_Erros)
..MethodDecl
....MethodHeader
......Int
......Id(main1)
......MethodParams
....MethodBody
......Return
..MethodDecl
....MethodHeader
......Double
......Id(main2)
......MethodParams
....MethodBody
......VarDecl
........Int
........Id(a)
......Return
........Id(a) - int
..MethodDecl
....MethodHeader
......Int
......Id(main3)
......MethodParams
....MethodBody
......VarDecl
........Double
........Id(a)
......Return
........Id(a) - double
..MethodDecl
....MethodHeader
......Int
......Id(cenas)
......MethodParams
........ParamDecl
..........StringArray
..........Id(args)
....MethodBody
......Call - int
........Id(cenas) - (String[])
........Id(args) - String[]
......VarDecl
........Int
........Id(x)
......Assign - int
........Id(x) - int
........Length - int
..........Id(x) - int
......Assign - int
........Id(x) - int
........ParseArgs - int
..........Id(args) - String[]
..........DecLit(0) - int
......Assign - int
........Id(x) - int
........ParseArgs - int
..........Id(x) - int
..........DecLit(0) - int
......If
........Add - undef
..........DecLit(2) - int
..........Mul - undef
............BoolLit(true) - boolean
............BoolLit(true) - boolean
........Block
........Block
......VarDecl
........Int
........Id(a)
......Assign - int
........Id(a) - int
........Add - undef
..........Id(b) - undef
..........BoolLit(true) - boolean
......Assign - int
........Id(a) - int
........Add - undef
..........DecLit(1) - int
..........Id(b) - undef
......Assign - int
........Id(a) - int
........Add - undef
..........Id(b) - undef
..........DecLit(1) - int
......Assign - int
........Id(a) - int
........Mul - undef
..........Id(b) - undef
..........Id(c) - undef
......VarDecl
........Double
........Id(xd)
......Assign - double
........Id(xd) - double
........Id(a) - int
..MethodDecl
....MethodHeader
......Void
......Id(main)
......MethodParams
........ParamDecl
..........StringArray
..........Id(args)
....MethodBody
......VarDecl
........Int
........Id(i)
......VarDecl
........Int
........Id(i2)
......VarDecl
........Double
........Id(d)
......VarDecl
........Bool
........Id(b)
......Assign - int
........Id(i) - int
........Assign - double
..........Id(d) - double
..........Id(b) - boolean
......Assign - int
........Id(i) - int
........DecLit(123123122121) - int
......VarDecl
........Int
........Id(x)
......Assign - int
........Id(i) - int
........Assign - double
..........Id(d) - double
..........Id(b) - boolean
......Return
......Call - undef
........Id(factorial) - undef
........Id(i) - int
........Id(i) - int
........Id(i) - int
..MethodDecl
....MethodHeader
......Void
......Id(ola)
......MethodParams
........ParamDecl
..........StringArray
..........Id(args)
....MethodBody
......VarDecl
........Int
........Id(a)
......VarDecl
........Bool
........Id(b)
......VarDecl
........Double
........Id(c)
......Return
........Id(a) - int
......Return
........Id(b) - boolean
......Return
........Id(c) - double
......Return
........Id(args) - String[]
......Return
........Call - void
..........Id(ola) - (String[])
..........Id(args) - String[]
